#
# There is insufficient memory for the Java Runtime Environment to continue.
# Native memory allocation (malloc) failed to allocate 1055216 bytes for Chunk::new
# Possible reasons:
#   The system is out of physical RAM or swap space
#   The process is running with CompressedOops enabled, and the Java Heap may be blocking the growth of the native heap
# Possible solutions:
#   Reduce memory load on the system
#   Increase physical memory or swap space
#   Check if swap backing store is full
#   Decrease Java heap size (-Xmx/-Xms)
#   Decrease number of Java threads
#   Decrease Java thread stack sizes (-Xss)
#   Set larger code cache with -XX:ReservedCodeCacheSize=
#   JVM is running with Unscaled Compressed Oops mode in which the Java heap is
#     placed in the first 4GB address space. The Java Heap base address is the
#     maximum limit for the native heap growth. Please use -XX:HeapBaseMinAddress
#     to set the Java Heap base and to place the Java Heap above 4GB virtual address.
# This output file may be truncated or incomplete.
#
#  Out of Memory Error (allocation.cpp:389), pid=8812, tid=0x00000000000019ac
#
# JRE version: OpenJDK Runtime Environment (8.0_265-b01) (build 1.8.0_265-b01)
# Java VM: OpenJDK 64-Bit Server VM (25.265-b01 mixed mode windows-amd64 compressed oops)
# Failed to write core dump. Minidumps are not enabled by default on client versions of Windows
#

---------------  T H R E A D  ---------------

Current thread (0x00000244fc0be800):  JavaThread "C2 CompilerThread1" daemon [_thread_in_native, id=6572, stack(0x000000f912e00000,0x000000f912f00000)]

Stack: [0x000000f912e00000,0x000000f912f00000]
[error occurred during error reporting (printing stack bounds), id 0xc0000005]

Native frames: (J=compiled Java code, j=interpreted, Vv=VM code, C=native code)


Current CompileTask:
C2:3472999 12014       4       java.io.ObjectOutputStream::writeClassDesc (60 bytes)


---------------  P R O C E S S  ---------------

Java Threads: ( => current thread )
  0x0000024482302000 JavaThread "Thread-220" [_thread_in_native, id=6752, stack(0x000000f915800000,0x000000f915900000)]
  0x0000024482303800 JavaThread "Thread-219" [_thread_in_native, id=9568, stack(0x000000f915700000,0x000000f915800000)]
  0x00000244fd40a000 JavaThread "Cache worker for execution history cache (C:\Users\Reticence\DevEcoStudioProjects\app_samples\ability\Backup\.gradle\6.3\executionHistory)" [_thread_blocked, id=9724, stack(0x000000f915500000,0x000000f915600000)]
  0x00000244fde47000 JavaThread "Execution worker for ':' Thread 7" [_thread_blocked, id=10588, stack(0x000000f915400000,0x000000f915500000)]
  0x00000244fde47800 JavaThread "Execution worker for ':' Thread 6" [_thread_blocked, id=5624, stack(0x000000f915300000,0x000000f915400000)]
  0x00000244fde46000 JavaThread "Execution worker for ':' Thread 5" [_thread_blocked, id=10964, stack(0x000000f915200000,0x000000f915300000)]
  0x00000244fde45800 JavaThread "Execution worker for ':' Thread 4" [_thread_blocked, id=2364, stack(0x000000f915100000,0x000000f915200000)]
  0x00000244fde4b000 JavaThread "Execution worker for ':' Thread 3" [_thread_blocked, id=5936, stack(0x000000f915000000,0x000000f915100000)]
  0x00000244fde44800 JavaThread "Execution worker for ':' Thread 2" [_thread_blocked, id=4512, stack(0x000000f914f00000,0x000000f915000000)]
  0x00000244fde48800 JavaThread "Execution worker for ':'" [_thread_in_native, id=3748, stack(0x000000f914e00000,0x000000f914f00000)]
  0x00000244fde4a000 JavaThread "Cache worker for file content cache (C:\Users\Reticence\DevEcoStudioProjects\app_samples\ability\Backup\.gradle\6.3\fileContent)" [_thread_blocked, id=224, stack(0x000000f914d00000,0x000000f914e00000)]
  0x00000244fde40000 JavaThread "Cache worker for Build Output Cleanup Cache (C:\Users\Reticence\DevEcoStudioProjects\app_samples\ability\Backup\.gradle\buildOutputCleanup)" [_thread_blocked, id=1604, stack(0x000000f914a00000,0x000000f914b00000)]
  0x00000244fde3c000 JavaThread "Build operations Thread 8" [_thread_blocked, id=9616, stack(0x000000f914900000,0x000000f914a00000)]
  0x00000244fde3d800 JavaThread "Build operations Thread 7" [_thread_blocked, id=9912, stack(0x000000f914800000,0x000000f914900000)]
  0x00000244fde3f000 JavaThread "Build operations Thread 6" [_thread_blocked, id=3440, stack(0x000000f914700000,0x000000f914800000)]
  0x00000244fde41800 JavaThread "Build operations Thread 5" [_thread_blocked, id=1208, stack(0x000000f914600000,0x000000f914700000)]
  0x00000244fde40800 JavaThread "Build operations Thread 4" [_thread_blocked, id=10712, stack(0x000000f914500000,0x000000f914600000)]
  0x00000244fde43000 JavaThread "Build operations Thread 3" [_thread_blocked, id=11020, stack(0x000000f914300000,0x000000f914400000)]
  0x00000244810a9000 JavaThread "Build operations Thread 2" [_thread_blocked, id=9888, stack(0x000000f914200000,0x000000f914300000)]
  0x00000244810a5000 JavaThread "Build operations" [_thread_blocked, id=9988, stack(0x000000f914100000,0x000000f914200000)]
  0x00000244810ac800 JavaThread "Cache worker for cache directory md-rule (C:\Users\Reticence\.gradle\caches\6.3\md-rule)" [_thread_blocked, id=8012, stack(0x000000f914000000,0x000000f914100000)]
  0x00000244810aa800 JavaThread "Cache worker for cache directory md-supplier (C:\Users\Reticence\.gradle\caches\6.3\md-supplier)" [_thread_blocked, id=9344, stack(0x000000f913c00000,0x000000f913d00000)]
  0x00000244810ab800 JavaThread "Cache worker for file hash cache (C:\Users\Reticence\DevEcoStudioProjects\app_samples\ability\Backup\.gradle\6.3\fileHashes)" [_thread_blocked, id=10216, stack(0x000000f913b00000,0x000000f913c00000)]
  0x00000244810a8800 JavaThread "Cache worker for checksums cache (C:\Users\Reticence\DevEcoStudioProjects\app_samples\ability\Backup\.gradle\checksums)" [_thread_blocked, id=7272, stack(0x000000f913a00000,0x000000f913b00000)]
  0x00000244810a7800 JavaThread "Thread-194" [_thread_blocked, id=8672, stack(0x000000f913900000,0x000000f913a00000)]
  0x00000244810a6000 JavaThread "Stdin handler" [_thread_blocked, id=7108, stack(0x000000f913800000,0x000000f913900000)]
  0x00000244810a7000 JavaThread "Asynchronous log dispatcher for DefaultDaemonConnection: socket connection from /127.0.0.1:60954 to /127.0.0.1:59583" [_thread_blocked, id=9520, stack(0x000000f913700000,0x000000f913800000)]
  0x000002448109d800 JavaThread "Cancel handler" [_thread_blocked, id=6920, stack(0x000000f911e00000,0x000000f911f00000)]
  0x00000244810a0800 JavaThread "Handler for socket connection from /127.0.0.1:60954 to /127.0.0.1:59583" [_thread_in_native, id=9668, stack(0x000000f911d00000,0x000000f911e00000)]
  0x00000244fde42000 JavaThread "Daemon worker Thread 6" [_thread_blocked, id=6360, stack(0x000000f913600000,0x000000f913700000)]
  0x00000244fd409000 JavaThread "Daemon Thread 6" [_thread_blocked, id=1232, stack(0x000000f911c00000,0x000000f911d00000)]
  0x00000244810aa000 JavaThread "Cache worker for Java compile cache (C:\Users\Reticence\.gradle\caches\6.3\javaCompile)" [_thread_blocked, id=2236, stack(0x000000f915600000,0x000000f915700000)]
  0x00000244810a4800 JavaThread "Cache worker for file content cache (C:\Users\Reticence\.gradle\caches\6.3\fileContent)" [_thread_blocked, id=10972, stack(0x000000f914c00000,0x000000f914d00000)]
  0x00000244810a3000 JavaThread "Memory manager" [_thread_blocked, id=8144, stack(0x000000f914b00000,0x000000f914c00000)]
  0x00000244fd40a800 JavaThread "Cache worker for execution history cache (C:\Users\Reticence\.gradle\caches\6.3\executionHistory)" [_thread_blocked, id=4188, stack(0x000000f914400000,0x000000f914500000)]
  0x00000244fd406800 JavaThread "Cache worker for file hash cache (C:\Users\Reticence\.gradle\caches\6.3\fileHashes)" [_thread_blocked, id=3116, stack(0x000000f913f00000,0x000000f914000000)]
  0x00000244fd406000 JavaThread "File lock request listener" [_thread_in_native, id=5612, stack(0x000000f913e00000,0x000000f913f00000)]
  0x00000244fd405000 JavaThread "Cache worker for journal cache (C:\Users\Reticence\.gradle\caches\journal-1)" [_thread_blocked, id=8436, stack(0x000000f913d00000,0x000000f913e00000)]
  0x00000244ff5a4000 JavaThread "Daemon periodic checks" [_thread_blocked, id=3284, stack(0x000000f913500000,0x000000f913600000)]
  0x00000244ff5a3800 JavaThread "Incoming local TCP Connector on port 60954" [_thread_in_native, id=8536, stack(0x000000f913400000,0x000000f913500000)]
  0x00000244ff14f800 JavaThread "Daemon health stats" [_thread_blocked, id=5816, stack(0x000000f913300000,0x000000f913400000)]
  0x00000244fd474800 JavaThread "Service Thread" daemon [_thread_blocked, id=8224, stack(0x000000f913100000,0x000000f913200000)]
  0x00000244fd404800 JavaThread "C1 CompilerThread3" daemon [_thread_blocked, id=5460, stack(0x000000f913000000,0x000000f913100000)]
  0x00000244fc0c6000 JavaThread "C2 CompilerThread2" daemon [_thread_blocked, id=4652, stack(0x000000f912f00000,0x000000f913000000)]
=>0x00000244fc0be800 JavaThread "C2 CompilerThread1" daemon [_thread_in_native, id=6572, stack(0x000000f912e00000,0x000000f912f00000)]
  0x00000244fc0bc000 JavaThread "C2 CompilerThread0" daemon [_thread_blocked, id=4648, stack(0x000000f912d00000,0x000000f912e00000)]
  0x00000244fc0b9000 JavaThread "Attach Listener" daemon [_thread_blocked, id=4896, stack(0x000000f912c00000,0x000000f912d00000)]
  0x00000244fc0a2800 JavaThread "Signal Dispatcher" daemon [_thread_blocked, id=5440, stack(0x000000f912b00000,0x000000f912c00000)]
  0x00000244fc02b000 JavaThread "Finalizer" daemon [_thread_blocked, id=5900, stack(0x000000f912a00000,0x000000f912b00000)]
  0x00000244fb428000 JavaThread "Reference Handler" daemon [_thread_blocked, id=3060, stack(0x000000f912900000,0x000000f912a00000)]
  0x00000244e8704000 JavaThread "main" [_thread_blocked, id=3732, stack(0x000000f911f00000,0x000000f912000000)]

Other Threads:
  0x00000244fc003800 VMThread [stack: 0x000000f912800000,0x000000f912900000] [id=8648]
  0x00000244fc0de800 WatcherThread [stack: 0x000000f913200000,0x000000f913300000] [id=9208]

VM state:not at safepoint (normal execution)

VM Mutex/Monitor currently owned by a thread: None

heap address: 0x00000000e0000000, size: 512 MB, Compressed Oops mode: 32-bit
Narrow klass base: 0x0000000000000000, Narrow klass shift: 3
Compressed class space size: 1073741824 Address: 0x0000000100000000

Heap:
 PSYoungGen      total 146944K, used 84092K [0x00000000f5580000, 0x0000000100000000, 0x0000000100000000)
  eden space 119296K, 55% used [0x00000000f5580000,0x00000000f96137a0,0x00000000fca00000)
  from space 27648K, 64% used [0x00000000fe500000,0x00000000ff68ba80,0x0000000100000000)
  to   space 27648K, 0% used [0x00000000fca00000,0x00000000fca00000,0x00000000fe500000)
 ParOldGen       total 283136K, used 56546K [0x00000000e0000000, 0x00000000f1480000, 0x00000000f5580000)
  object space 283136K, 19% used [0x00000000e0000000,0x00000000e37389a0,0x00000000f1480000)
 Metaspace       used 73555K, capacity 80750K, committed 80768K, reserved 1118208K
  class space    used 10498K, capacity 12404K, committed 12416K, reserved 1048576K

Card table byte_map: [0x00000244f9870000,0x00000244f9980000] byte_map_base: 0x00000244f9170000

Marking Bits: (ParMarkBitMap*) 0x00000000739e7790
 Begin Bits: [0x00000244f9a30000, 0x00000244fa230000)
 End Bits:   [0x00000244fa230000, 0x00000244faa30000)

Polling page: 0x00000244e8950000

CodeCache: size=245760Kb used=34722Kb max_used=34722Kb free=211037Kb
 bounds [0x00000244ea4b0000, 0x00000244ec6d0000, 0x00000244f94b0000]
 total_blobs=11128 nmethods=10328 adapters=711
 compilation: enabled

Compilation events (10 events):
Event: 3472.854 Thread 0x00000244fc0c6000 12029       4       org.apache.groovy.json.internal.CharBuf::shouldEscape (38 bytes)
Event: 3472.854 Thread 0x00000244fd404800 nmethod 12028 0x00000244ec6bbd10 code [0x00000244ec6bbe80, 0x00000244ec6bc170]
Event: 3472.854 Thread 0x00000244fd404800 12027   !   3       groovy.json.StringEscapeUtils::unescapeJava (38 bytes)
Event: 3472.855 Thread 0x00000244fc0bc000 nmethod 12026 0x00000244ec1d3910 code [0x00000244ec1d3a40, 0x00000244ec1d3ad8]
Event: 3472.855 Thread 0x00000244fc0c6000 nmethod 12029 0x00000244ec6bfc50 code [0x00000244ec6bfda0, 0x00000244ec6bfe58]
Event: 3472.855 Thread 0x00000244fd404800 nmethod 12027 0x00000244ec6beb50 code [0x00000244ec6bed40, 0x00000244ec6bf670]
Event: 3472.855 Thread 0x00000244fd404800 12030       3       groovy.json.JsonOutput::getIndent (42 bytes)
Event: 3472.856 Thread 0x00000244fd404800 nmethod 12030 0x00000244ec6c19d0 code [0x00000244ec6c1bc0, 0x00000244ec6c2660]
Event: 3472.990 Thread 0x00000244fd404800 12031   !   3       sun.reflect.GeneratedMethodAccessor291::invoke (65 bytes)
Event: 3472.991 Thread 0x00000244fd404800 nmethod 12031 0x00000244ec6c0990 code [0x00000244ec6c0ba0, 0x00000244ec6c13f0]

GC Heap History (10 events):
Event: 11.934 GC heap before
{Heap before GC invocations=13 (full 2):
 PSYoungGen      total 143360K, used 40221K [0x00000000f5580000, 0x0000000100000000, 0x0000000100000000)
  eden space 122368K, 15% used [0x00000000f5580000,0x00000000f684b4c8,0x00000000fcd00000)
  from space 20992K, 99% used [0x00000000feb80000,0x00000000ffffc040,0x0000000100000000)
  to   space 26112K, 0% used [0x00000000fcd00000,0x00000000fcd00000,0x00000000fe680000)
 ParOldGen       total 181248K, used 39763K [0x00000000e0000000, 0x00000000eb100000, 0x00000000f5580000)
  object space 181248K, 21% used [0x00000000e0000000,0x00000000e26d4c80,0x00000000eb100000)
 Metaspace       used 54588K, capacity 59084K, committed 59160K, reserved 1099776K
  class space    used 7901K, capacity 9293K, committed 9344K, reserved 1048576K
Event: 11.957 GC heap after
Heap after GC invocations=13 (full 2):
 PSYoungGen      total 142848K, used 20133K [0x00000000f5580000, 0x0000000100000000, 0x0000000100000000)
  eden space 122368K, 0% used [0x00000000f5580000,0x00000000f5580000,0x00000000fcd00000)
  from space 20480K, 98% used [0x00000000fcd00000,0x00000000fe0a9560,0x00000000fe100000)
  to   space 27136K, 0% used [0x00000000fe580000,0x00000000fe580000,0x0000000100000000)
 ParOldGen       total 181248K, used 41966K [0x00000000e0000000, 0x00000000eb100000, 0x00000000f5580000)
  object space 181248K, 23% used [0x00000000e0000000,0x00000000e28fbb40,0x00000000eb100000)
 Metaspace       used 54588K, capacity 59084K, committed 59160K, reserved 1099776K
  class space    used 7901K, capacity 9293K, committed 9344K, reserved 1048576K
}
Event: 11.957 GC heap before
{Heap before GC invocations=14 (full 3):
 PSYoungGen      total 142848K, used 20133K [0x00000000f5580000, 0x0000000100000000, 0x0000000100000000)
  eden space 122368K, 0% used [0x00000000f5580000,0x00000000f5580000,0x00000000fcd00000)
  from space 20480K, 98% used [0x00000000fcd00000,0x00000000fe0a9560,0x00000000fe100000)
  to   space 27136K, 0% used [0x00000000fe580000,0x00000000fe580000,0x0000000100000000)
 ParOldGen       total 181248K, used 41966K [0x00000000e0000000, 0x00000000eb100000, 0x00000000f5580000)
  object space 181248K, 23% used [0x00000000e0000000,0x00000000e28fbb40,0x00000000eb100000)
 Metaspace       used 54588K, capacity 59084K, committed 59160K, reserved 1099776K
  class space    used 7901K, capacity 9293K, committed 9344K, reserved 1048576K
Event: 12.306 GC heap after
Heap after GC invocations=14 (full 3):
 PSYoungGen      total 142848K, used 0K [0x00000000f5580000, 0x0000000100000000, 0x0000000100000000)
  eden space 122368K, 0% used [0x00000000f5580000,0x00000000f5580000,0x00000000fcd00000)
  from space 20480K, 0% used [0x00000000fcd00000,0x00000000fcd00000,0x00000000fe100000)
  to   space 27136K, 0% used [0x00000000fe580000,0x00000000fe580000,0x0000000100000000)
 ParOldGen       total 283136K, used 56522K [0x00000000e0000000, 0x00000000f1480000, 0x00000000f5580000)
  object space 283136K, 19% used [0x00000000e0000000,0x00000000e37329a0,0x00000000f1480000)
 Metaspace       used 54547K, capacity 58952K, committed 59160K, reserved 1099776K
  class space    used 7889K, capacity 9271K, committed 9344K, reserved 1048576K
}
Event: 190.146 GC heap before
{Heap before GC invocations=15 (full 3):
 PSYoungGen      total 142848K, used 122368K [0x00000000f5580000, 0x0000000100000000, 0x0000000100000000)
  eden space 122368K, 100% used [0x00000000f5580000,0x00000000fcd00000,0x00000000fcd00000)
  from space 20480K, 0% used [0x00000000fcd00000,0x00000000fcd00000,0x00000000fe100000)
  to   space 27136K, 0% used [0x00000000fe580000,0x00000000fe580000,0x0000000100000000)
 ParOldGen       total 283136K, used 56522K [0x00000000e0000000, 0x00000000f1480000, 0x00000000f5580000)
  object space 283136K, 19% used [0x00000000e0000000,0x00000000e37329a0,0x00000000f1480000)
 Metaspace       used 60503K, capacity 65730K, committed 65792K, reserved 1105920K
  class space    used 8732K, capacity 10236K, committed 10240K, reserved 1048576K
Event: 190.155 GC heap after
Heap after GC invocations=15 (full 3):
 PSYoungGen      total 147968K, used 10354K [0x00000000f5580000, 0x0000000100000000, 0x0000000100000000)
  eden space 120832K, 0% used [0x00000000f5580000,0x00000000f5580000,0x00000000fcb80000)
  from space 27136K, 38% used [0x00000000fe580000,0x00000000fef9ca08,0x0000000100000000)
  to   space 26624K, 0% used [0x00000000fcb80000,0x00000000fcb80000,0x00000000fe580000)
 ParOldGen       total 283136K, used 56530K [0x00000000e0000000, 0x00000000f1480000, 0x00000000f5580000)
  object space 283136K, 19% used [0x00000000e0000000,0x00000000e37349a0,0x00000000f1480000)
 Metaspace       used 60503K, capacity 65730K, committed 65792K, reserved 1105920K
  class space    used 8732K, capacity 10236K, committed 10240K, reserved 1048576K
}
Event: 1742.410 GC heap before
{Heap before GC invocations=16 (full 3):
 PSYoungGen      total 147968K, used 131186K [0x00000000f5580000, 0x0000000100000000, 0x0000000100000000)
  eden space 120832K, 100% used [0x00000000f5580000,0x00000000fcb80000,0x00000000fcb80000)
  from space 27136K, 38% used [0x00000000fe580000,0x00000000fef9ca08,0x0000000100000000)
  to   space 26624K, 0% used [0x00000000fcb80000,0x00000000fcb80000,0x00000000fe580000)
 ParOldGen       total 283136K, used 56530K [0x00000000e0000000, 0x00000000f1480000, 0x00000000f5580000)
  object space 283136K, 19% used [0x00000000e0000000,0x00000000e37349a0,0x00000000f1480000)
 Metaspace       used 68395K, capacity 74326K, committed 74496K, reserved 1112064K
  class space    used 9824K, capacity 11479K, committed 11520K, reserved 1048576K
Event: 1742.426 GC heap after
Heap after GC invocations=16 (full 3):
 PSYoungGen      total 140288K, used 19267K [0x00000000f5580000, 0x0000000100000000, 0x0000000100000000)
  eden space 120832K, 0% used [0x00000000f5580000,0x00000000f5580000,0x00000000fcb80000)
  from space 19456K, 99% used [0x00000000fcb80000,0x00000000fde50f30,0x00000000fde80000)
  to   space 27648K, 0% used [0x00000000fe500000,0x00000000fe500000,0x0000000100000000)
 ParOldGen       total 283136K, used 56538K [0x00000000e0000000, 0x00000000f1480000, 0x00000000f5580000)
  object space 283136K, 19% used [0x00000000e0000000,0x00000000e37369a0,0x00000000f1480000)
 Metaspace       used 68395K, capacity 74326K, committed 74496K, reserved 1112064K
  class space    used 9824K, capacity 11479K, committed 11520K, reserved 1048576K
}
Event: 3181.742 GC heap before
{Heap before GC invocations=17 (full 3):
 PSYoungGen      total 140288K, used 140099K [0x00000000f5580000, 0x0000000100000000, 0x0000000100000000)
  eden space 120832K, 100% used [0x00000000f5580000,0x00000000fcb80000,0x00000000fcb80000)
  from space 19456K, 99% used [0x00000000fcb80000,0x00000000fde50f30,0x00000000fde80000)
  to   space 27648K, 0% used [0x00000000fe500000,0x00000000fe500000,0x0000000100000000)
 ParOldGen       total 283136K, used 56538K [0x00000000e0000000, 0x00000000f1480000, 0x00000000f5580000)
  object space 283136K, 19% used [0x00000000e0000000,0x00000000e37369a0,0x00000000f1480000)
 Metaspace       used 72665K, capacity 79510K, committed 79616K, reserved 1116160K
  class space    used 10433K, capacity 12288K, committed 12288K, reserved 1048576K
Event: 3181.773 GC heap after
Heap after GC invocations=17 (full 3):
 PSYoungGen      total 146944K, used 17966K [0x00000000f5580000, 0x0000000100000000, 0x0000000100000000)
  eden space 119296K, 0% used [0x00000000f5580000,0x00000000f5580000,0x00000000fca00000)
  from space 27648K, 64% used [0x00000000fe500000,0x00000000ff68ba80,0x0000000100000000)
  to   space 27648K, 0% used [0x00000000fca00000,0x00000000fca00000,0x00000000fe500000)
 ParOldGen       total 283136K, used 56546K [0x00000000e0000000, 0x00000000f1480000, 0x00000000f5580000)
  object space 283136K, 19% used [0x00000000e0000000,0x00000000e37389a0,0x00000000f1480000)
 Metaspace       used 72665K, capacity 79510K, committed 79616K, reserved 1116160K
  class space    used 10433K, capacity 12288K, committed 12288K, reserved 1048576K
}

Deoptimization events (10 events):
Event: 1748.242 Thread 0x00000244fd409000 Uncommon trap: reason=unstable_if action=reinterpret pc=0x00000244eb99cefc method=org.codehaus.groovy.runtime.callsite.PojoMetaMethodSite.checkCall(Ljava/lang/Object;[Ljava/lang/Object;)Z @ 13
Event: 1748.479 Thread 0x00000244810a5000 Uncommon trap: reason=class_check action=maybe_recompile pc=0x00000244eb8f2770 method=java.util.regex.Pattern$Curly.match0(Ljava/util/regex/Matcher;IILjava/lang/CharSequence;)Z @ 16
Event: 1748.479 Thread 0x00000244810a5000 Uncommon trap: reason=class_check action=maybe_recompile pc=0x00000244eb8f2770 method=java.util.regex.Pattern$Curly.match0(Ljava/util/regex/Matcher;IILjava/lang/CharSequence;)Z @ 16
Event: 2571.246 Thread 0x00000244810a0800 Uncommon trap: reason=class_check action=maybe_recompile pc=0x00000244eb1239a0 method=java.io.File.equals(Ljava/lang/Object;)Z @ 5
Event: 3175.086 Thread 0x00000244fde4b000 Uncommon trap: reason=class_check action=maybe_recompile pc=0x00000244eb1239a0 method=java.io.File.equals(Ljava/lang/Object;)Z @ 5
Event: 3182.135 Thread 0x00000244fde4a000 Uncommon trap: reason=class_check action=maybe_recompile pc=0x00000244eb8f2770 method=java.util.regex.Pattern$Curly.match0(Ljava/util/regex/Matcher;IILjava/lang/CharSequence;)Z @ 16
Event: 3182.135 Thread 0x00000244fde4a000 Uncommon trap: reason=class_check action=maybe_recompile pc=0x00000244eb8f2770 method=java.util.regex.Pattern$Curly.match0(Ljava/util/regex/Matcher;IILjava/lang/CharSequence;)Z @ 16
Event: 3422.211 Thread 0x00000244fde42000 Uncommon trap: reason=null_check action=make_not_entrant pc=0x00000244ec4b7ea8 method=org.gradle.tooling.internal.provider.runner.SubtreeFilteringBuildOperationListener.started(Lorg/gradle/internal/operations/BuildOperationDescriptor;Lorg/gradle/internal/
Event: 3422.214 Thread 0x00000244fde42000 Uncommon trap: reason=null_check action=make_not_entrant pc=0x00000244ec4ae1bc method=org.gradle.tooling.internal.provider.runner.SubtreeFilteringBuildOperationListener.finished(Lorg/gradle/internal/operations/BuildOperationDescriptor;Lorg/gradle/internal
Event: 3422.265 Thread 0x00000244810a5000 Uncommon trap: reason=unstable_if action=reinterpret pc=0x00000244ec18b6d0 method=com.google.common.collect.MapMakerInternalMap$Segment.put(Ljava/lang/Object;ILjava/lang/Object;Z)Ljava/lang/Object; @ 92

Classes redefined (0 events):
No events

Internal exceptions (10 events):
Event: 3466.137 Thread 0x00000244fde4b000 Exception <a 'sun/nio/fs/WindowsException'> (0x00000000f916a188) thrown at [J:\jenkins\tmp\workspace\build\src\hotspot\src\share\vm\prims\jni.cpp, line 711]
Event: 3466.226 Thread 0x00000244fde4b000 Exception <a 'sun/nio/fs/WindowsException'> (0x00000000f9283fa0) thrown at [J:\jenkins\tmp\workspace\build\src\hotspot\src\share\vm\prims\jni.cpp, line 711]
Event: 3472.821 Thread 0x00000244fde48800 Exception <a 'sun/nio/fs/WindowsException'> (0x00000000f94d8bc8) thrown at [J:\jenkins\tmp\workspace\build\src\hotspot\src\share\vm\prims\jni.cpp, line 711]
Event: 3472.821 Thread 0x00000244fde48800 Exception <a 'sun/nio/fs/WindowsException'> (0x00000000f94d9520) thrown at [J:\jenkins\tmp\workspace\build\src\hotspot\src\share\vm\prims\jni.cpp, line 711]
Event: 3472.821 Thread 0x00000244fde48800 Exception <a 'sun/nio/fs/WindowsException'> (0x00000000f94db2d0) thrown at [J:\jenkins\tmp\workspace\build\src\hotspot\src\share\vm\prims\jni.cpp, line 711]
Event: 3472.821 Thread 0x00000244fde48800 Exception <a 'sun/nio/fs/WindowsException'> (0x00000000f94dbc28) thrown at [J:\jenkins\tmp\workspace\build\src\hotspot\src\share\vm\prims\jni.cpp, line 711]
Event: 3472.844 Thread 0x00000244fde48800 Exception <a 'sun/nio/fs/WindowsException'> (0x00000000f9597fc8) thrown at [J:\jenkins\tmp\workspace\build\src\hotspot\src\share\vm\prims\jni.cpp, line 711]
Event: 3472.844 Thread 0x00000244fde48800 Exception <a 'sun/nio/fs/WindowsException'> (0x00000000f9598ed8) thrown at [J:\jenkins\tmp\workspace\build\src\hotspot\src\share\vm\prims\jni.cpp, line 711]
Event: 3472.844 Thread 0x00000244fde48800 Exception <a 'sun/nio/fs/WindowsException'> (0x00000000f959bda8) thrown at [J:\jenkins\tmp\workspace\build\src\hotspot\src\share\vm\prims\jni.cpp, line 711]
Event: 3472.844 Thread 0x00000244fde48800 Exception <a 'sun/nio/fs/WindowsException'> (0x00000000f959ccb8) thrown at [J:\jenkins\tmp\workspace\build\src\hotspot\src\share\vm\prims\jni.cpp, line 711]

Events (10 events):
Event: 3472.693 Executing coalesced safepoint VM operation: RevokeBias done
Event: 3472.693 Executing VM operation: RevokeBias done
Event: 3472.693 Executing VM operation: RevokeBias
Event: 3472.694 Executing coalesced safepoint VM operation: RevokeBias
Event: 3472.694 Executing coalesced safepoint VM operation: RevokeBias done
Event: 3472.694 Executing VM operation: RevokeBias done
Event: 3472.694 Thread 0x0000024482305000 Thread exited: 0x0000024482305000
Event: 3472.694 Thread 0x0000024482302000 Thread exited: 0x0000024482302000
Event: 3472.869 Thread 0x0000024482303800 Thread added: 0x0000024482303800
Event: 3472.870 Thread 0x0000024482302000 Thread added: 0x0000024482302000


Dynamic libraries:
0x00007ff631830000 - 0x00007ff63186a000 	C:\Program Files\Huawei\DevEco Studio 2.1.0.501\tools\openjdk\bin\java.exe
0x00007ffb06d10000 - 0x00007ffb06f05000 	C:\Windows\SYSTEM32\ntdll.dll
0x00007ffb05660000 - 0x00007ffb0571d000 	C:\Windows\System32\KERNEL32.DLL
0x00007ffb04920000 - 0x00007ffb04be9000 	C:\Windows\System32\KERNELBASE.dll
0x00007ffb05ef0000 - 0x00007ffb05f9c000 	C:\Windows\System32\ADVAPI32.dll
0x00007ffb061f0000 - 0x00007ffb0628e000 	C:\Windows\System32\msvcrt.dll
0x00007ffb060e0000 - 0x00007ffb0617b000 	C:\Windows\System32\sechost.dll
0x00007ffb065c0000 - 0x00007ffb066ea000 	C:\Windows\System32\RPCRT4.dll
0x00007ffb054c0000 - 0x00007ffb05660000 	C:\Windows\System32\USER32.dll
0x00007ffb04550000 - 0x00007ffb04572000 	C:\Windows\System32\win32u.dll
0x00007ffb05bf0000 - 0x00007ffb05c1a000 	C:\Windows\System32\GDI32.dll
0x00007ffb045b0000 - 0x00007ffb046bb000 	C:\Windows\System32\gdi32full.dll
0x00007ffb044b0000 - 0x00007ffb0454d000 	C:\Windows\System32\msvcp_win.dll
0x00007ffb046c0000 - 0x00007ffb047c0000 	C:\Windows\System32\ucrtbase.dll
0x00007ffaeebb0000 - 0x00007ffaeee4a000 	C:\Windows\WinSxS\amd64_microsoft.windows.common-controls_6595b64144ccf1df_6.0.19041.1110_none_60b5254171f9507e\COMCTL32.dll
0x00007ffb068b0000 - 0x00007ffb068e0000 	C:\Windows\System32\IMM32.DLL
0x00007ffae35c0000 - 0x00007ffae36af000 	C:\Program Files\Huawei\DevEco Studio 2.1.0.501\tools\openjdk\jre\bin\msvcr120.dll
0x00007ffae3840000 - 0x00007ffae38e6000 	C:\Program Files\Huawei\DevEco Studio 2.1.0.501\tools\openjdk\jre\bin\msvcp120.dll
0x0000000073200000 - 0x0000000073a66000 	C:\Program Files\Huawei\DevEco Studio 2.1.0.501\tools\openjdk\jre\bin\server\jvm.dll
0x00007ffb066f0000 - 0x00007ffb066f8000 	C:\Windows\System32\PSAPI.DLL
0x00007ffb001a0000 - 0x00007ffb001a9000 	C:\Windows\SYSTEM32\WSOCK32.dll
0x00007ffafe780000 - 0x00007ffafe78a000 	C:\Windows\SYSTEM32\VERSION.dll
0x00007ffafb860000 - 0x00007ffafb887000 	C:\Windows\SYSTEM32\WINMM.dll
0x00007ffb06180000 - 0x00007ffb061eb000 	C:\Windows\System32\WS2_32.dll
0x00007ffb01b30000 - 0x00007ffb01b3f000 	C:\Program Files\Huawei\DevEco Studio 2.1.0.501\tools\openjdk\jre\bin\verify.dll
0x00007ffafce20000 - 0x00007ffafce48000 	C:\Program Files\Huawei\DevEco Studio 2.1.0.501\tools\openjdk\jre\bin\java.dll
0x00007ffafb060000 - 0x00007ffafb076000 	C:\Program Files\Huawei\DevEco Studio 2.1.0.501\tools\openjdk\jre\bin\zip.dll
0x00007ffb04d80000 - 0x00007ffb054bf000 	C:\Windows\System32\SHELL32.dll
0x00007ffb02580000 - 0x00007ffb02d11000 	C:\Windows\SYSTEM32\windows.storage.dll
0x00007ffb068e0000 - 0x00007ffb06c35000 	C:\Windows\System32\combase.dll
0x00007ffb03df0000 - 0x00007ffb03e1c000 	C:\Windows\SYSTEM32\Wldp.dll
0x00007ffb06400000 - 0x00007ffb064ae000 	C:\Windows\System32\SHCORE.dll
0x00007ffb05720000 - 0x00007ffb05775000 	C:\Windows\System32\shlwapi.dll
0x00007ffb04390000 - 0x00007ffb043af000 	C:\Windows\SYSTEM32\profapi.dll
0x00007ffaec290000 - 0x00007ffaec2aa000 	C:\Program Files\Huawei\DevEco Studio 2.1.0.501\tools\openjdk\jre\bin\net.dll
0x00007ffb03b50000 - 0x00007ffb03bba000 	C:\Windows\system32\mswsock.dll
0x00007ffaec270000 - 0x00007ffaec282000 	C:\Program Files\Huawei\DevEco Studio 2.1.0.501\tools\openjdk\jre\bin\nio.dll
0x00007ffae5050000 - 0x00007ffae5077000 	C:\Users\Reticence\.gradle\native\c976cfcca226fdd4bee4412e95191dd41148b7504f9625baeda1d523bc39a967\windows-amd64\native-platform.dll
0x00007ffafe710000 - 0x00007ffafe71d000 	C:\Program Files\Huawei\DevEco Studio 2.1.0.501\tools\openjdk\jre\bin\management.dll
0x00007ffb03d30000 - 0x00007ffb03d48000 	C:\Windows\SYSTEM32\CRYPTSP.dll
0x00007ffb034f0000 - 0x00007ffb03524000 	C:\Windows\system32\rsaenh.dll
0x00007ffb04580000 - 0x00007ffb045a7000 	C:\Windows\System32\bcrypt.dll
0x00007ffb04350000 - 0x00007ffb0437e000 	C:\Windows\SYSTEM32\USERENV.dll
0x00007ffb04bf0000 - 0x00007ffb04c73000 	C:\Windows\System32\bcryptprimitives.dll
0x00007ffb03d50000 - 0x00007ffb03d5c000 	C:\Windows\SYSTEM32\CRYPTBASE.dll
0x00007ffb03840000 - 0x00007ffb0387b000 	C:\Windows\SYSTEM32\IPHLPAPI.DLL
0x00007ffb05fa0000 - 0x00007ffb05fa8000 	C:\Windows\System32\NSI.dll
0x00007ffafd720000 - 0x00007ffafd737000 	C:\Windows\SYSTEM32\dhcpcsvc6.DLL
0x00007ffafd890000 - 0x00007ffafd8ad000 	C:\Windows\SYSTEM32\dhcpcsvc.DLL
0x00007ffb03880000 - 0x00007ffb0394c000 	C:\Windows\SYSTEM32\DNSAPI.dll

VM Arguments:
jvm_args: -XX:MaxMetaspaceSize=256m -XX:+HeapDumpOnOutOfMemoryError -Xms256m -Xmx512m -Dfile.encoding=UTF-8 -Duser.country -Duser.language=en -Duser.variant 
java_command: org.gradle.launcher.daemon.bootstrap.GradleDaemon 6.3
java_class_path (initial): C:\Program Files\Huawei\DevEco Studio 2.1.0.501\tools\gradle\lib\gradle-launcher-6.3.jar
Launcher Type: SUN_STANDARD

Environment Variables:
PATH=C:\Windows\system32;C:\Windows;C:\Windows\System32\Wbem;C:\Windows\System32\WindowsPowerShell\v1.0\;C:\Windows\System32\OpenSSH\;C:\Program Files\Git\cmd;C:\Users\Reticence\AppData\Local\Microsoft\WindowsApps;;C:\Program Files\Huawei\DevEco Studio 2.1.0.501\bin;;C:\Users\Reticence\AppData\Local\Programs\Microsoft VS Code\bin
USERNAME=Reticence
OS=Windows_NT
PROCESSOR_IDENTIFIER=AMD64 Family 23 Model 24 Stepping 1, AuthenticAMD



---------------  S Y S T E M  ---------------

OS: Windows 10.0 , 64 bit Build 19041 (10.0.19041.1023)

CPU:total 8 (initial active 8) (8 cores per cpu, 1 threads per core) family 23 model 24 stepping 1, cmov, cx8, fxsr, mmx, sse, sse2, sse3, ssse3, sse4.1, sse4.2, popcnt, avx, avx2, aes, clmul, mmxext, 3dnowpref, lzcnt, sse4a, tsc, tscinvbit, tscinv, bmi1

Memory: 4k page, physical 7272780k(1260160k free), swap 7272780k(225600k free)

vm_info: OpenJDK 64-Bit Server VM (25.265-b01) for windows-amd64 JRE (1.8.0_265-b01), built on Jul 28 2020 15:11:27 by "jenkins" with MS VC++ 12.0 (VS2013)

time: Sat Jul 17 10:46:19 2021
timezone: China Standard Time
elapsed time: 3473 seconds (0d 0h 57m 53s)

