#
# There is insufficient memory for the Java Runtime Environment to continue.
# Native memory allocation (malloc) failed to allocate 1369456 bytes for Chunk::new
# Possible reasons:
#   The system is out of physical RAM or swap space
#   The process is running with CompressedOops enabled, and the Java Heap may be blocking the growth of the native heap
# Possible solutions:
#   Reduce memory load on the system
#   Increase physical memory or swap space
#   Check if swap backing store is full
#   Decrease Java heap size (-Xmx/-Xms)
#   Decrease number of Java threads
#   Decrease Java thread stack sizes (-Xss)
#   Set larger code cache with -XX:ReservedCodeCacheSize=
#   JVM is running with Unscaled Compressed Oops mode in which the Java heap is
#     placed in the first 4GB address space. The Java Heap base address is the
#     maximum limit for the native heap growth. Please use -XX:HeapBaseMinAddress
#     to set the Java Heap base and to place the Java Heap above 4GB virtual address.
# This output file may be truncated or incomplete.
#
#  Out of Memory Error (allocation.cpp:389), pid=6764, tid=0x0000000000001844
#
# JRE version: OpenJDK Runtime Environment (8.0_265-b01) (build 1.8.0_265-b01)
# Java VM: OpenJDK 64-Bit Server VM (25.265-b01 mixed mode windows-amd64 compressed oops)
# Failed to write core dump. Minidumps are not enabled by default on client versions of Windows
#

---------------  T H R E A D  ---------------

Current thread (0x000001a6cad2b000):  JavaThread "C2 CompilerThread0" daemon [_thread_in_native, id=6212, stack(0x00000075b2600000,0x00000075b2700000)]

Stack: [0x00000075b2600000,0x00000075b2700000]
[error occurred during error reporting (printing stack bounds), id 0xc0000005]

Native frames: (J=compiled Java code, j=interpreted, Vv=VM code, C=native code)


Current CompileTask:
C2:9418920 21907 %     4       groovy.lang.MetaClassImpl::populateMethods @ 59 (400 bytes)


---------------  P R O C E S S  ---------------

Java Threads: ( => current thread )
  0x000001a6d41e7800 JavaThread "Cache worker for Build Output Cleanup Cache (C:\Users\Reticence\DevEcoStudioProjects\app_samples\ability\Backup\.gradle\buildOutputCleanup)" [_thread_blocked, id=6092, stack(0x00000075b4900000,0x00000075b4a00000)]
  0x000001a6d41e9000 JavaThread "Build operations Thread 8" [_thread_blocked, id=9652, stack(0x00000075b4800000,0x00000075b4900000)]
  0x000001a6d2590000 JavaThread "Build operations Thread 7" [_thread_blocked, id=8832, stack(0x00000075b4500000,0x00000075b4600000)]
  0x000001a6d258e000 JavaThread "Build operations Thread 6" [_thread_blocked, id=7912, stack(0x00000075b4400000,0x00000075b4500000)]
  0x000001a6d258f800 JavaThread "Build operations Thread 5" [_thread_blocked, id=4080, stack(0x00000075b4300000,0x00000075b4400000)]
  0x000001a6d2591800 JavaThread "Build operations Thread 4" [_thread_blocked, id=3860, stack(0x00000075b4200000,0x00000075b4300000)]
  0x000001a6d2591000 JavaThread "Build operations Thread 3" [_thread_blocked, id=2116, stack(0x00000075b4100000,0x00000075b4200000)]
  0x000001a6d2586000 JavaThread "Build operations Thread 2" [_thread_blocked, id=5144, stack(0x00000075b4000000,0x00000075b4100000)]
  0x000001a6d258c000 JavaThread "gradle-enterprise-worker-0" [_thread_blocked, id=4652, stack(0x00000075b3f00000,0x00000075b4000000)]
  0x000001a6d2584800 JavaThread "Build operations" [_thread_blocked, id=3896, stack(0x00000075b3e00000,0x00000075b3f00000)]
  0x000001a6d258b800 JavaThread "Cache worker for cache directory md-rule (C:\Users\Reticence\.gradle\caches\6.3\md-rule)" [_thread_blocked, id=9156, stack(0x00000075b3900000,0x00000075b3a00000)]
  0x000001a6d2583800 JavaThread "Cache worker for cache directory md-supplier (C:\Users\Reticence\.gradle\caches\6.3\md-supplier)" [_thread_blocked, id=7720, stack(0x00000075b3500000,0x00000075b3600000)]
  0x000001a6d258a800 JavaThread "Cache worker for file hash cache (C:\Users\Reticence\DevEcoStudioProjects\app_samples\ability\Backup\.gradle\6.3\fileHashes)" [_thread_blocked, id=10656, stack(0x00000075b3400000,0x00000075b3500000)]
  0x000001a6d2583000 JavaThread "Cache worker for checksums cache (C:\Users\Reticence\DevEcoStudioProjects\app_samples\ability\Backup\.gradle\checksums)" [_thread_blocked, id=7112, stack(0x00000075b3300000,0x00000075b3400000)]
  0x000001a6d2585000 JavaThread "Thread-1946" [_thread_blocked, id=6188, stack(0x00000075b3200000,0x00000075b3300000)]
  0x000001a6d2586800 JavaThread "Stdin handler" [_thread_blocked, id=5064, stack(0x00000075b3100000,0x00000075b3200000)]
  0x000001a6d258a000 JavaThread "Asynchronous log dispatcher for DefaultDaemonConnection: socket connection from /127.0.0.1:64035 to /127.0.0.1:53231" [_thread_blocked, id=10396, stack(0x00000075b3000000,0x00000075b3100000)]
  0x000001a6d2588800 JavaThread "Cancel handler" [_thread_blocked, id=9820, stack(0x00000075b1700000,0x00000075b1800000)]
  0x000001a6d2587800 JavaThread "Handler for socket connection from /127.0.0.1:64035 to /127.0.0.1:53231" [_thread_in_native, id=2520, stack(0x00000075b1600000,0x00000075b1700000)]
  0x000001a6d01b9000 JavaThread "Daemon worker Thread 42" [_thread_blocked, id=8532, stack(0x00000075b2f00000,0x00000075b3000000)]
  0x000001a6d01b6000 JavaThread "Daemon Thread 42" [_thread_blocked, id=10820, stack(0x00000075b1500000,0x00000075b1600000)]
  0x000001a6d41f4800 JavaThread "Cache worker for Java compile cache (C:\Users\Reticence\.gradle\caches\6.3\javaCompile)" [_thread_blocked, id=8332, stack(0x00000075b4f00000,0x00000075b5000000)]
  0x000001a6d41e8000 JavaThread "Cache worker for file content cache (C:\Users\Reticence\.gradle\caches\6.3\fileContent)" [_thread_blocked, id=3744, stack(0x00000075b4700000,0x00000075b4800000)]
  0x000001a6d41eb000 JavaThread "Memory manager" [_thread_blocked, id=5480, stack(0x00000075b4600000,0x00000075b4700000)]
  0x000001a6cdf82800 JavaThread "Cache worker for execution history cache (C:\Users\Reticence\.gradle\caches\6.3\executionHistory)" [_thread_blocked, id=8812, stack(0x00000075b3d00000,0x00000075b3e00000)]
  0x000001a6cdf7e800 JavaThread "Cache worker for file hash cache (C:\Users\Reticence\.gradle\caches\6.3\fileHashes)" [_thread_blocked, id=9128, stack(0x00000075b3800000,0x00000075b3900000)]
  0x000001a6cdf85800 JavaThread "File lock request listener" [_thread_in_native, id=2788, stack(0x00000075b3700000,0x00000075b3800000)]
  0x000001a6cdf81000 JavaThread "Cache worker for journal cache (C:\Users\Reticence\.gradle\caches\journal-1)" [_thread_blocked, id=4648, stack(0x00000075b3600000,0x00000075b3700000)]
  0x000001a6ce027000 JavaThread "Daemon periodic checks" [_thread_blocked, id=6732, stack(0x00000075b2e00000,0x00000075b2f00000)]
  0x000001a6ce037000 JavaThread "Incoming local TCP Connector on port 64035" [_thread_in_native, id=6800, stack(0x00000075b2d00000,0x00000075b2e00000)]
  0x000001a6cde68800 JavaThread "Daemon health stats" [_thread_blocked, id=5048, stack(0x00000075b2c00000,0x00000075b2d00000)]
  0x000001a6cad4e000 JavaThread "Service Thread" daemon [_thread_blocked, id=6304, stack(0x00000075b2a00000,0x00000075b2b00000)]
  0x000001a6cad3e000 JavaThread "C1 CompilerThread3" daemon [_thread_blocked, id=1300, stack(0x00000075b2900000,0x00000075b2a00000)]
  0x000001a6cad36800 JavaThread "C2 CompilerThread2" daemon [_thread_blocked, id=2600, stack(0x00000075b2800000,0x00000075b2900000)]
  0x000001a6cad2d800 JavaThread "C2 CompilerThread1" daemon [_thread_in_native, id=8520, stack(0x00000075b2700000,0x00000075b2800000)]
=>0x000001a6cad2b000 JavaThread "C2 CompilerThread0" daemon [_thread_in_native, id=6212, stack(0x00000075b2600000,0x00000075b2700000)]
  0x000001a6cacc8800 JavaThread "Attach Listener" daemon [_thread_blocked, id=7632, stack(0x00000075b2500000,0x00000075b2600000)]
  0x000001a6cad14000 JavaThread "Signal Dispatcher" daemon [_thread_blocked, id=1284, stack(0x00000075b2400000,0x00000075b2500000)]
  0x000001a6ca0ab800 JavaThread "Finalizer" daemon [_thread_blocked, id=1316, stack(0x00000075b2300000,0x00000075b2400000)]
  0x000001a6ca0a5000 JavaThread "Reference Handler" daemon [_thread_blocked, id=1400, stack(0x00000075b2200000,0x00000075b2300000)]
  0x000001a6b7494800 JavaThread "main" [_thread_blocked, id=644, stack(0x00000075b1800000,0x00000075b1900000)]

Other Threads:
  0x000001a6cac72800 VMThread [stack: 0x00000075b2100000,0x00000075b2200000] [id=8276]
  0x000001a6cc072800 WatcherThread [stack: 0x00000075b2b00000,0x00000075b2c00000] [id=7140]

VM state:at safepoint (normal execution)

VM Mutex/Monitor currently owned by a thread:  ([mutex/lock_event])
[0x000001a6b7491830] Threads_lock - owner thread: 0x000001a6cac72800
[0x000001a6b7494040] Heap_lock - owner thread: 0x000001a6d01b9000

heap address: 0x00000000e0000000, size: 512 MB, Compressed Oops mode: 32-bit
Narrow klass base: 0x0000000000000000, Narrow klass shift: 3
Compressed class space size: 1073741824 Address: 0x0000000100000000

Heap:
 PSYoungGen      total 103424K, used 92672K [0x00000000f5580000, 0x00000000fdf00000, 0x0000000100000000)
  eden space 92672K, 100% used [0x00000000f5580000,0x00000000fb000000,0x00000000fb000000)
  from space 10752K, 0% used [0x00000000fb180000,0x00000000fb180000,0x00000000fbc00000)
  to   space 24064K, 41% used [0x00000000fc780000,0x00000000fd131630,0x00000000fdf00000)
 ParOldGen       total 349696K, used 62414K [0x00000000e0000000, 0x00000000f5580000, 0x00000000f5580000)
  object space 349696K, 17% used [0x00000000e0000000,0x00000000e3cf3a00,0x00000000f5580000)
 Metaspace       used 92557K, capacity 103500K, committed 104064K, reserved 1138688K
  class space    used 12561K, capacity 15041K, committed 15232K, reserved 1048576K

Card table byte_map: [0x000001a6c84f0000,0x000001a6c8600000] byte_map_base: 0x000001a6c7df0000

Marking Bits: (ParMarkBitMap*) 0x000000006ca37790
 Begin Bits: [0x000001a6c86b0000, 0x000001a6c8eb0000)
 End Bits:   [0x000001a6c8eb0000, 0x000001a6c96b0000)

Polling page: 0x000001a6b7570000

CodeCache: size=245760Kb used=62037Kb max_used=62039Kb free=183722Kb
 bounds [0x000001a6b9130000, 0x000001a6bce30000, 0x000001a6c8130000]
 total_blobs=18584 nmethods=17697 adapters=796
 compilation: enabled

Compilation events (10 events):
Event: 9418.857 Thread 0x000001a6cad3e000 21982       3       org.codehaus.groovy.runtime.callsite.PogoMetaMethodSite::createCachedMethodSite (60 bytes)
Event: 9418.858 Thread 0x000001a6cad3e000 nmethod 21982 0x000001a6baae7990 code [0x000001a6baae7bc0, 0x000001a6baae8980]
Event: 9418.866 Thread 0x000001a6cad36800 nmethod 21946 0x000001a6bcaee510 code [0x000001a6bcaee7a0, 0x000001a6bcaef740]
Event: 9418.866 Thread 0x000001a6cad3e000 21984       3       java.lang.Class::privateGetDeclaredMethods (67 bytes)
Event: 9418.866 Thread 0x000001a6cad36800 21983   !   4       java.lang.reflect.Executable::sharedToGenericString (329 bytes)
Event: 9418.866 Thread 0x000001a6cad3e000 nmethod 21984 0x000001a6bcaed650 code [0x000001a6bcaed840, 0x000001a6bcaee170]
Event: 9418.890 Thread 0x000001a6cad3e000 21986       3       org.codehaus.groovy.runtime.callsite.AbstractCallSite::callCurrent (7 bytes)
Event: 9418.891 Thread 0x000001a6cad3e000 nmethod 21986 0x000001a6bbdf5b10 code [0x000001a6bbdf5ca0, 0x000001a6bbdf6000]
Event: 9418.899 Thread 0x000001a6cad3e000 21987       3       org.apache.tools.ant.ComponentHelper::initTypes (90 bytes)
Event: 9418.901 Thread 0x000001a6cad3e000 nmethod 21987 0x000001a6bb8b7690 code [0x000001a6bb8b7960, 0x000001a6bb8b8aa0]

GC Heap History (10 events):
Event: 8425.989 GC heap after
Heap after GC invocations=35 (full 3):
 PSYoungGen      total 121344K, used 6176K [0x00000000f5580000, 0x00000000fe580000, 0x0000000100000000)
  eden space 97280K, 0% used [0x00000000f5580000,0x00000000f5580000,0x00000000fb480000)
  from space 24064K, 25% used [0x00000000fce00000,0x00000000fd408158,0x00000000fe580000)
  to   space 25088K, 0% used [0x00000000fb480000,0x00000000fb480000,0x00000000fcd00000)
 ParOldGen       total 248832K, used 69193K [0x00000000e0000000, 0x00000000ef300000, 0x00000000f5580000)
  object space 248832K, 27% used [0x00000000e0000000,0x00000000e43925d0,0x00000000ef300000)
 Metaspace       used 80520K, capacity 90805K, committed 91008K, reserved 1126400K
  class space    used 11038K, capacity 13341K, committed 13440K, reserved 1048576K
}
Event: 9281.660 GC heap before
{Heap before GC invocations=36 (full 3):
 PSYoungGen      total 121344K, used 103456K [0x00000000f5580000, 0x00000000fe580000, 0x0000000100000000)
  eden space 97280K, 100% used [0x00000000f5580000,0x00000000fb480000,0x00000000fb480000)
  from space 24064K, 25% used [0x00000000fce00000,0x00000000fd408158,0x00000000fe580000)
  to   space 25088K, 0% used [0x00000000fb480000,0x00000000fb480000,0x00000000fcd00000)
 ParOldGen       total 248832K, used 69193K [0x00000000e0000000, 0x00000000ef300000, 0x00000000f5580000)
  object space 248832K, 27% used [0x00000000e0000000,0x00000000e43925d0,0x00000000ef300000)
 Metaspace       used 80566K, capacity 90817K, committed 91008K, reserved 1126400K
  class space    used 11039K, capacity 13343K, committed 13440K, reserved 1048576K
Event: 9281.674 GC heap after
Heap after GC invocations=36 (full 3):
 PSYoungGen      total 105472K, used 9334K [0x00000000f5580000, 0x00000000fe300000, 0x0000000100000000)
  eden space 95744K, 0% used [0x00000000f5580000,0x00000000f5580000,0x00000000fb300000)
  from space 9728K, 95% used [0x00000000fb480000,0x00000000fbd9d9a8,0x00000000fbe00000)
  to   space 24576K, 0% used [0x00000000fcb00000,0x00000000fcb00000,0x00000000fe300000)
 ParOldGen       total 248832K, used 71288K [0x00000000e0000000, 0x00000000ef300000, 0x00000000f5580000)
  object space 248832K, 28% used [0x00000000e0000000,0x00000000e459e060,0x00000000ef300000)
 Metaspace       used 80566K, capacity 90817K, committed 91008K, reserved 1126400K
  class space    used 11039K, capacity 13343K, committed 13440K, reserved 1048576K
}
Event: 9401.878 GC heap before
{Heap before GC invocations=37 (full 3):
 PSYoungGen      total 105472K, used 105078K [0x00000000f5580000, 0x00000000fe300000, 0x0000000100000000)
  eden space 95744K, 100% used [0x00000000f5580000,0x00000000fb300000,0x00000000fb300000)
  from space 9728K, 95% used [0x00000000fb480000,0x00000000fbd9d9a8,0x00000000fbe00000)
  to   space 24576K, 0% used [0x00000000fcb00000,0x00000000fcb00000,0x00000000fe300000)
 ParOldGen       total 248832K, used 71288K [0x00000000e0000000, 0x00000000ef300000, 0x00000000f5580000)
  object space 248832K, 28% used [0x00000000e0000000,0x00000000e459e060,0x00000000ef300000)
 Metaspace       used 81814K, capacity 92131K, committed 92416K, reserved 1128448K
  class space    used 11184K, capacity 13488K, committed 13568K, reserved 1048576K
Event: 9401.885 GC heap after
Heap after GC invocations=37 (full 3):
 PSYoungGen      total 118272K, used 5225K [0x00000000f5580000, 0x00000000fe280000, 0x0000000100000000)
  eden space 94208K, 0% used [0x00000000f5580000,0x00000000f5580000,0x00000000fb180000)
  from space 24064K, 21% used [0x00000000fcb00000,0x00000000fd01a668,0x00000000fe280000)
  to   space 25088K, 0% used [0x00000000fb180000,0x00000000fb180000,0x00000000fca00000)
 ParOldGen       total 248832K, used 71672K [0x00000000e0000000, 0x00000000ef300000, 0x00000000f5580000)
  object space 248832K, 28% used [0x00000000e0000000,0x00000000e45fe060,0x00000000ef300000)
 Metaspace       used 81814K, capacity 92131K, committed 92416K, reserved 1128448K
  class space    used 11184K, capacity 13488K, committed 13568K, reserved 1048576K
}
Event: 9417.416 GC heap before
{Heap before GC invocations=38 (full 3):
 PSYoungGen      total 118272K, used 57452K [0x00000000f5580000, 0x00000000fe280000, 0x0000000100000000)
  eden space 94208K, 55% used [0x00000000f5580000,0x00000000f8880a68,0x00000000fb180000)
  from space 24064K, 21% used [0x00000000fcb00000,0x00000000fd01a668,0x00000000fe280000)
  to   space 25088K, 0% used [0x00000000fb180000,0x00000000fb180000,0x00000000fca00000)
 ParOldGen       total 248832K, used 71672K [0x00000000e0000000, 0x00000000ef300000, 0x00000000f5580000)
  object space 248832K, 28% used [0x00000000e0000000,0x00000000e45fe060,0x00000000ef300000)
 Metaspace       used 87932K, capacity 98399K, committed 98560K, reserved 1134592K
  class space    used 11930K, capacity 14280K, committed 14336K, reserved 1048576K
Event: 9417.423 GC heap after
Heap after GC invocations=38 (full 3):
 PSYoungGen      total 103424K, used 10652K [0x00000000f5580000, 0x00000000fdf00000, 0x0000000100000000)
  eden space 92672K, 0% used [0x00000000f5580000,0x00000000f5580000,0x00000000fb000000)
  from space 10752K, 99% used [0x00000000fb180000,0x00000000fbbe71f8,0x00000000fbc00000)
  to   space 24064K, 0% used [0x00000000fc780000,0x00000000fc780000,0x00000000fdf00000)
 ParOldGen       total 248832K, used 71808K [0x00000000e0000000, 0x00000000ef300000, 0x00000000f5580000)
  object space 248832K, 28% used [0x00000000e0000000,0x00000000e4620070,0x00000000ef300000)
 Metaspace       used 87932K, capacity 98399K, committed 98560K, reserved 1134592K
  class space    used 11930K, capacity 14280K, committed 14336K, reserved 1048576K
}
Event: 9417.423 GC heap before
{Heap before GC invocations=39 (full 4):
 PSYoungGen      total 103424K, used 10652K [0x00000000f5580000, 0x00000000fdf00000, 0x0000000100000000)
  eden space 92672K, 0% used [0x00000000f5580000,0x00000000f5580000,0x00000000fb000000)
  from space 10752K, 99% used [0x00000000fb180000,0x00000000fbbe71f8,0x00000000fbc00000)
  to   space 24064K, 0% used [0x00000000fc780000,0x00000000fc780000,0x00000000fdf00000)
 ParOldGen       total 248832K, used 71808K [0x00000000e0000000, 0x00000000ef300000, 0x00000000f5580000)
  object space 248832K, 28% used [0x00000000e0000000,0x00000000e4620070,0x00000000ef300000)
 Metaspace       used 87932K, capacity 98399K, committed 98560K, reserved 1134592K
  class space    used 11930K, capacity 14280K, committed 14336K, reserved 1048576K
Event: 9417.703 GC heap after
Heap after GC invocations=39 (full 4):
 PSYoungGen      total 103424K, used 0K [0x00000000f5580000, 0x00000000fdf00000, 0x0000000100000000)
  eden space 92672K, 0% used [0x00000000f5580000,0x00000000f5580000,0x00000000fb000000)
  from space 10752K, 0% used [0x00000000fb180000,0x00000000fb180000,0x00000000fbc00000)
  to   space 24064K, 0% used [0x00000000fc780000,0x00000000fc780000,0x00000000fdf00000)
 ParOldGen       total 349696K, used 62406K [0x00000000e0000000, 0x00000000f5580000, 0x00000000f5580000)
  object space 349696K, 17% used [0x00000000e0000000,0x00000000e3cf1a00,0x00000000f5580000)
 Metaspace       used 87224K, capacity 97042K, committed 98560K, reserved 1134592K
  class space    used 11782K, capacity 14000K, committed 14336K, reserved 1048576K
}
Event: 9418.908 GC heap before
{Heap before GC invocations=40 (full 4):
 PSYoungGen      total 103424K, used 92672K [0x00000000f5580000, 0x00000000fdf00000, 0x0000000100000000)
  eden space 92672K, 100% used [0x00000000f5580000,0x00000000fb000000,0x00000000fb000000)
  from space 10752K, 0% used [0x00000000fb180000,0x00000000fb180000,0x00000000fbc00000)
  to   space 24064K, 0% used [0x00000000fc780000,0x00000000fc780000,0x00000000fdf00000)
 ParOldGen       total 349696K, used 62406K [0x00000000e0000000, 0x00000000f5580000, 0x00000000f5580000)
  object space 349696K, 17% used [0x00000000e0000000,0x00000000e3cf1a00,0x00000000f5580000)
 Metaspace       used 92557K, capacity 103500K, committed 104064K, reserved 1138688K
  class space    used 12561K, capacity 15041K, committed 15232K, reserved 1048576K

Deoptimization events (10 events):
Event: 9418.575 Thread 0x000001a6d01b9000 Uncommon trap: reason=class_check action=maybe_recompile pc=0x000001a6bc547b48 method=java.util.ComparableTimSort.mergeHi(IIII)V @ 214
Event: 9418.697 Thread 0x000001a6d01b9000 Uncommon trap: reason=bimorphic action=maybe_recompile pc=0x000001a6ba86f9f0 method=org.gradle.api.internal.DynamicPropertyNamer.determineName(Ljava/lang/Object;)Ljava/lang/String; @ 11
Event: 9418.697 Thread 0x000001a6d01b9000 Uncommon trap: reason=bimorphic action=maybe_recompile pc=0x000001a6ba86f9f0 method=org.gradle.api.internal.DynamicPropertyNamer.determineName(Ljava/lang/Object;)Ljava/lang/String; @ 11
Event: 9418.697 Thread 0x000001a6d01b9000 Uncommon trap: reason=bimorphic action=maybe_recompile pc=0x000001a6ba86f9f0 method=org.gradle.api.internal.DynamicPropertyNamer.determineName(Ljava/lang/Object;)Ljava/lang/String; @ 11
Event: 9418.697 Thread 0x000001a6d01b9000 Uncommon trap: reason=bimorphic action=maybe_recompile pc=0x000001a6ba86f9f0 method=org.gradle.api.internal.DynamicPropertyNamer.determineName(Ljava/lang/Object;)Ljava/lang/String; @ 11
Event: 9418.697 Thread 0x000001a6d01b9000 Uncommon trap: reason=unstable_if action=reinterpret pc=0x000001a6bcb077cc method=org.codehaus.groovy.runtime.callsite.PogoMetaMethodSite.createCachedMethodSite(Lorg/codehaus/groovy/runtime/callsite/CallSite;Lgroovy/lang/MetaClassImpl;Lorg/codehaus/groovy
Event: 9418.755 Thread 0x000001a6d01b9000 Uncommon trap: reason=unstable_if action=reinterpret pc=0x000001a6ba01584c method=java.lang.ref.SoftReference.get()Ljava/lang/Object; @ 6
Event: 9418.765 Thread 0x000001a6d2585000 Uncommon trap: reason=unstable_if action=reinterpret pc=0x000001a6bb1f69c0 method=java.util.concurrent.locks.AbstractQueuedSynchronizer$ConditionObject.awaitNanos(J)J @ 73
Event: 9418.785 Thread 0x000001a6d01b9000 Uncommon trap: reason=array_check action=maybe_recompile pc=0x000001a6bb8dad64 method=java.util.TimSort.binarySort([Ljava/lang/Object;IIILjava/util/Comparator;)V @ 193
Event: 9418.835 Thread 0x000001a6d01b9000 Uncommon trap: reason=unstable_if action=reinterpret pc=0x000001a6bb050d78 method=java.lang.ref.SoftReference.get()Ljava/lang/Object; @ 6

Classes redefined (0 events):
No events

Internal exceptions (10 events):
Event: 9418.875 Thread 0x000001a6d01b9000 Exception <a 'java/lang/ClassNotFoundException': com/huawei/ohos/build/data/SdkInfoBeanInfo> (0x00000000fad028e8) thrown at [J:\jenkins\tmp\workspace\build\src\hotspot\src\share\vm\classfile\systemDictionary.cpp, line 215]
Event: 9418.875 Thread 0x000001a6d01b9000 Exception <a 'java/lang/ClassNotFoundException': com/huawei/ohos/build/data/SdkInfoCustomizer> (0x00000000fad171c0) thrown at [J:\jenkins\tmp\workspace\build\src\hotspot\src\share\vm\classfile\systemDictionary.cpp, line 215]
Event: 9418.881 Thread 0x000001a6d01b9000 Exception <a 'java/lang/ClassNotFoundException': com/huawei/ohos/build/data/PathConfigurationBeanInfo> (0x00000000fad9bd78) thrown at [J:\jenkins\tmp\workspace\build\src\hotspot\src\share\vm\classfile\systemDictionary.cpp, line 215]
Event: 9418.882 Thread 0x000001a6d01b9000 Exception <a 'java/lang/ClassNotFoundException': com/huawei/ohos/build/data/PathConfigurationCustomizer> (0x00000000fadb2698) thrown at [J:\jenkins\tmp\workspace\build\src\hotspot\src\share\vm\classfile\systemDictionary.cpp, line 215]
Event: 9418.887 Thread 0x000001a6d01b9000 Exception <a 'java/lang/ClassNotFoundException': com/huawei/ohos/build/utils/FileUtilsBeanInfo> (0x00000000fae14dc8) thrown at [J:\jenkins\tmp\workspace\build\src\hotspot\src\share\vm\classfile\systemDictionary.cpp, line 215]
Event: 9418.888 Thread 0x000001a6d01b9000 Exception <a 'java/lang/ClassNotFoundException': com/huawei/ohos/build/utils/FileUtilsCustomizer> (0x00000000fae2b100) thrown at [J:\jenkins\tmp\workspace\build\src\hotspot\src\share\vm\classfile\systemDictionary.cpp, line 215]
Event: 9418.897 Thread 0x000001a6d01b9000 Exception <a 'java/lang/ClassNotFoundException': com/huawei/ohos/build/utils/proxy/ProxyInfoOptionsBeanInfo> (0x00000000faecaf60) thrown at [J:\jenkins\tmp\workspace\build\src\hotspot\src\share\vm\classfile\systemDictionary.cpp, line 215]
Event: 9418.897 Thread 0x000001a6d01b9000 Exception <a 'java/lang/ClassNotFoundException': com/huawei/ohos/build/utils/proxy/ProxyInfoOptionsCustomizer> (0x00000000faee2e18) thrown at [J:\jenkins\tmp\workspace\build\src\hotspot\src\share\vm\classfile\systemDictionary.cpp, line 215]
Event: 9418.903 Thread 0x000001a6d01b9000 Exception <a 'java/lang/ClassNotFoundException': com/huawei/ohos/build/utils/StringHandlerBeanInfo> (0x00000000faf887f0) thrown at [J:\jenkins\tmp\workspace\build\src\hotspot\src\share\vm\classfile\systemDictionary.cpp, line 215]
Event: 9418.904 Thread 0x000001a6d01b9000 Exception <a 'java/lang/ClassNotFoundException': com/huawei/ohos/build/utils/StringHandlerCustomizer> (0x00000000faf9ed70) thrown at [J:\jenkins\tmp\workspace\build\src\hotspot\src\share\vm\classfile\systemDictionary.cpp, line 215]

Events (10 events):
Event: 9418.903 loading class com/huawei/ohos/build/utils/StringHandlerCustomizer done
Event: 9418.903 loading class com/huawei/ohos/build/utils/StringHandlerCustomizer
Event: 9418.903 loading class com/huawei/ohos/build/utils/StringHandlerCustomizer done
Event: 9418.903 loading class com/huawei/ohos/build/utils/StringHandlerCustomizer
Event: 9418.903 loading class com/huawei/ohos/build/utils/StringHandlerCustomizer done
Event: 9418.906 loading class com/huawei/deveco/common/security/util/StringUtil
Event: 9418.906 loading class com/huawei/deveco/common/security/util/StringUtil done
Event: 9418.908 loading class groovy/runtime/metaclass/com/huawei/deveco/common/security/util/StringUtilMetaClass
Event: 9418.908 loading class groovy/runtime/metaclass/com/huawei/deveco/common/security/util/StringUtilMetaClass done
Event: 9418.908 Executing VM operation: ParallelGCFailedAllocation


Dynamic libraries:
0x00007ff7290f0000 - 0x00007ff72912a000 	C:\Program Files\Huawei\DevEco Studio 2.1.0.501\tools\openjdk\bin\java.exe
0x00007ffe91610000 - 0x00007ffe91805000 	C:\Windows\SYSTEM32\ntdll.dll
0x00007ffe90d40000 - 0x00007ffe90dfd000 	C:\Windows\System32\KERNEL32.DLL
0x00007ffe8f150000 - 0x00007ffe8f417000 	C:\Windows\System32\KERNELBASE.dll
0x00007ffe8f680000 - 0x00007ffe8f72a000 	C:\Windows\System32\ADVAPI32.dll
0x00007ffe909e0000 - 0x00007ffe90a7e000 	C:\Windows\System32\msvcrt.dll
0x00007ffe90320000 - 0x00007ffe903bb000 	C:\Windows\System32\sechost.dll
0x00007ffe91420000 - 0x00007ffe91544000 	C:\Windows\System32\RPCRT4.dll
0x00007ffe90840000 - 0x00007ffe909e0000 	C:\Windows\System32\USER32.dll
0x00007ffe8f5c0000 - 0x00007ffe8f5e2000 	C:\Windows\System32\win32u.dll
0x00007ffe90e00000 - 0x00007ffe90e2a000 	C:\Windows\System32\GDI32.dll
0x00007ffe8ee30000 - 0x00007ffe8ef39000 	C:\Windows\System32\gdi32full.dll
0x00007ffe8f520000 - 0x00007ffe8f5bd000 	C:\Windows\System32\msvcp_win.dll
0x00007ffe8f420000 - 0x00007ffe8f520000 	C:\Windows\System32\ucrtbase.dll
0x00007ffe78470000 - 0x00007ffe7870b000 	C:\Windows\WinSxS\amd64_microsoft.windows.common-controls_6595b64144ccf1df_6.0.19041.488_none_ca04af081b815d21\COMCTL32.dll
0x00007ffe90a80000 - 0x00007ffe90ab0000 	C:\Windows\System32\IMM32.DLL
0x00007ffe69160000 - 0x00007ffe6924f000 	C:\Program Files\Huawei\DevEco Studio 2.1.0.501\tools\openjdk\jre\bin\msvcr120.dll
0x00007ffe690b0000 - 0x00007ffe69156000 	C:\Program Files\Huawei\DevEco Studio 2.1.0.501\tools\openjdk\jre\bin\msvcp120.dll
0x000000006c250000 - 0x000000006cab6000 	C:\Program Files\Huawei\DevEco Studio 2.1.0.501\tools\openjdk\jre\bin\server\jvm.dll
0x00007ffe901d0000 - 0x00007ffe901d8000 	C:\Windows\System32\PSAPI.DLL
0x00007ffe76560000 - 0x00007ffe76569000 	C:\Windows\SYSTEM32\WSOCK32.dll
0x00007ffe87930000 - 0x00007ffe8793a000 	C:\Windows\SYSTEM32\VERSION.dll
0x00007ffe85100000 - 0x00007ffe85127000 	C:\Windows\SYSTEM32\WINMM.dll
0x00007ffe902b0000 - 0x00007ffe9031b000 	C:\Windows\System32\WS2_32.dll
0x00007ffe8c5d0000 - 0x00007ffe8c5df000 	C:\Program Files\Huawei\DevEco Studio 2.1.0.501\tools\openjdk\jre\bin\verify.dll
0x00007ffe8a820000 - 0x00007ffe8a848000 	C:\Program Files\Huawei\DevEco Studio 2.1.0.501\tools\openjdk\jre\bin\java.dll
0x00007ffe8a800000 - 0x00007ffe8a816000 	C:\Program Files\Huawei\DevEco Studio 2.1.0.501\tools\openjdk\jre\bin\zip.dll
0x00007ffe8f790000 - 0x00007ffe8fed1000 	C:\Windows\System32\SHELL32.dll
0x00007ffe8ceb0000 - 0x00007ffe8d643000 	C:\Windows\SYSTEM32\windows.storage.dll
0x00007ffe90e30000 - 0x00007ffe91185000 	C:\Windows\System32\combase.dll
0x00007ffe8e6f0000 - 0x00007ffe8e71c000 	C:\Windows\SYSTEM32\Wldp.dll
0x00007ffe90ab0000 - 0x00007ffe90b5e000 	C:\Windows\System32\SHCORE.dll
0x00007ffe8f730000 - 0x00007ffe8f785000 	C:\Windows\System32\shlwapi.dll
0x00007ffe8ec80000 - 0x00007ffe8eca6000 	C:\Windows\SYSTEM32\profapi.dll
0x00007ffe87080000 - 0x00007ffe8709a000 	C:\Program Files\Huawei\DevEco Studio 2.1.0.501\tools\openjdk\jre\bin\net.dll
0x00007ffe8e470000 - 0x00007ffe8e4da000 	C:\Windows\system32\mswsock.dll
0x00007ffe87060000 - 0x00007ffe87072000 	C:\Program Files\Huawei\DevEco Studio 2.1.0.501\tools\openjdk\jre\bin\nio.dll
0x00007ffe86a60000 - 0x00007ffe86a87000 	C:\Users\Reticence\.gradle\native\c976cfcca226fdd4bee4412e95191dd41148b7504f9625baeda1d523bc39a967\windows-amd64\native-platform.dll
0x00007ffe8a0e0000 - 0x00007ffe8a0ed000 	C:\Program Files\Huawei\DevEco Studio 2.1.0.501\tools\openjdk\jre\bin\management.dll
0x00007ffe8e650000 - 0x00007ffe8e668000 	C:\Windows\SYSTEM32\CRYPTSP.dll
0x00007ffe8de00000 - 0x00007ffe8de34000 	C:\Windows\system32\rsaenh.dll
0x00007ffe8ed50000 - 0x00007ffe8ed77000 	C:\Windows\System32\bcrypt.dll
0x00007ffe8ec40000 - 0x00007ffe8ec6e000 	C:\Windows\SYSTEM32\USERENV.dll
0x00007ffe8f5f0000 - 0x00007ffe8f66f000 	C:\Windows\System32\bcryptprimitives.dll
0x00007ffe8e640000 - 0x00007ffe8e64c000 	C:\Windows\SYSTEM32\CRYPTBASE.dll
0x00007ffe8e160000 - 0x00007ffe8e19b000 	C:\Windows\SYSTEM32\IPHLPAPI.DLL
0x00007ffe90830000 - 0x00007ffe90839000 	C:\Windows\System32\NSI.dll
0x00007ffe87910000 - 0x00007ffe87927000 	C:\Windows\SYSTEM32\dhcpcsvc6.DLL
0x00007ffe88b00000 - 0x00007ffe88b1d000 	C:\Windows\SYSTEM32\dhcpcsvc.DLL
0x00007ffe8e1a0000 - 0x00007ffe8e26b000 	C:\Windows\SYSTEM32\DNSAPI.dll
0x00007ffe8a040000 - 0x00007ffe8a063000 	C:\Program Files\Huawei\DevEco Studio 2.1.0.501\tools\openjdk\jre\bin\sunec.dll
0x00007ffe83470000 - 0x00007ffe8347a000 	C:\Windows\System32\rasadhlp.dll
0x00007ffe83210000 - 0x00007ffe8328f000 	C:\Windows\System32\fwpuclnt.dll
0x00007ffe8a990000 - 0x00007ffe8a99c000 	C:\Program Files\Huawei\DevEco Studio 2.1.0.501\tools\openjdk\jre\bin\sunmscapi.dll
0x00007ffe8ef40000 - 0x00007ffe8f09d000 	C:\Windows\System32\CRYPT32.dll
0x00007ffe8e760000 - 0x00007ffe8e787000 	C:\Windows\SYSTEM32\ncrypt.dll
0x00007ffe8e720000 - 0x00007ffe8e75b000 	C:\Windows\SYSTEM32\NTASN1.dll
0x00007ffe88bd0000 - 0x00007ffe88be7000 	C:\Windows\system32\napinsp.dll
0x00007ffe88bb0000 - 0x00007ffe88bcb000 	C:\Windows\system32\pnrpnsp.dll
0x00007ffe7c5d0000 - 0x00007ffe7c5e5000 	C:\Windows\system32\wshbth.dll
0x00007ffe8a7e0000 - 0x00007ffe8a7fd000 	C:\Windows\system32\NLAapi.dll
0x00007ffe88b90000 - 0x00007ffe88ba2000 	C:\Windows\System32\winrnr.dll

VM Arguments:
jvm_args: -XX:MaxMetaspaceSize=256m -XX:+HeapDumpOnOutOfMemoryError -Xms256m -Xmx512m -Dfile.encoding=UTF-8 -Duser.country -Duser.language=en -Duser.variant 
java_command: org.gradle.launcher.daemon.bootstrap.GradleDaemon 6.3
java_class_path (initial): C:\Program Files\Huawei\DevEco Studio 2.1.0.501\tools\gradle\lib\gradle-launcher-6.3.jar
Launcher Type: SUN_STANDARD

Environment Variables:
PATH=C:\Windows\system32;C:\Windows;C:\Windows\System32\Wbem;C:\Windows\System32\WindowsPowerShell\v1.0\;C:\Windows\System32\OpenSSH\;C:\Program Files\Git\cmd;C:\Users\Reticence\AppData\Local\Microsoft\WindowsApps;;C:\Program Files\Huawei\DevEco Studio 2.1.0.501\bin;;C:\Users\Reticence\AppData\Local\Programs\Microsoft VS Code\bin
USERNAME=Reticence
OS=Windows_NT
PROCESSOR_IDENTIFIER=AMD64 Family 23 Model 24 Stepping 1, AuthenticAMD



---------------  S Y S T E M  ---------------

OS: Windows 10.0 , 64 bit Build 19041 (10.0.19041.292)

CPU:total 8 (initial active 8) (8 cores per cpu, 1 threads per core) family 23 model 24 stepping 1, cmov, cx8, fxsr, mmx, sse, sse2, sse3, ssse3, sse4.1, sse4.2, popcnt, avx, avx2, aes, clmul, mmxext, 3dnowpref, lzcnt, sse4a, tsc, tscinvbit, tscinv, bmi1

Memory: 4k page, physical 7272780k(1349716k free), swap 7272780k(5480k free)

vm_info: OpenJDK 64-Bit Server VM (25.265-b01) for windows-amd64 JRE (1.8.0_265-b01), built on Jul 28 2020 15:11:27 by "jenkins" with MS VC++ 12.0 (VS2013)

time: Thu Jul 15 03:44:33 2021
timezone: China Standard Time
elapsed time: 9418 seconds (0d 2h 36m 58s)

